<?xml version="1.0" encoding="UTF-8"?>
<testsuite xmlns:xsi="http://www.w3.org/2001/XMLSchema-instance" xsi:noNamespaceSchemaLocation="https://maven.apache.org/surefire/maven-surefire-plugin/xsd/surefire-test-report.xsd" name="arep.TestHttpConnection" time="0.057" tests="6" errors="0" skipped="0" failures="0">
  <properties>
[...]
</properties>
  <testcase name="testIsOnCache_NonExistingTitle" classname="arep.TestHttpConnection" time="0.005"/>
  <testcase name="testIsOnCache_ExistingTitle" classname="arep.TestHttpConnection" time="0.001"/>
  <testcase name="testClear" classname="arep.TestHttpConnection" time="0.001"/>
  <testcase name="testGetMovieDescription_ExistingTitle" classname="arep.TestHttpConnection" time="0.001"/>
  <testcase name="testGetInstance_Singleton" classname="arep.TestHttpConnection" time="0"/>
  <testcase name="testGetMovieDescription_NonExistingTitle" classname="arep.TestHttpConnection" time="0.001"/>
</testsuite>